* using log directory ‘/home/brian/Dropbox/Documents/www/thot/src/lang/r/thot.Rcheck’
* using R version 4.2.3 (2023-03-15)
* using platform: x86_64-pc-linux-gnu (64-bit)
* using session charset: UTF-8
* using options ‘--no-manual --as-cran’
* checking for file ‘thot/DESCRIPTION’ ... OK
* this is package ‘thot’ version ‘0.10.0’
* package encoding: UTF-8
* checking package namespace information ... OK
* checking package dependencies ... OK
* checking if this is a source package ... OK
* checking if there is a namespace ... OK
* checking for executable files ... WARNING
Found the following executable files:
  inst/thot-local-database-aarch64-apple-darwin
  inst/thot-local-database-x86_64-pc-windows-msvc.exe
  inst/thot-local-database-x86_64-unknown-linux-gnu
Source packages should not contain undeclared executable files.
See section ‘Package structure’ in the ‘Writing R Extensions’ manual.
* checking for hidden files and directories ... OK
* checking for portable file names ... OK
* checking for sufficient/correct file permissions ... OK
* checking serialization versions ... OK
* checking whether package ‘thot’ can be installed ... ERROR
Installation failed.
See ‘/home/brian/Dropbox/Documents/www/thot/src/lang/r/thot.Rcheck/00install.out’ for details.
* DONE
Status: 1 ERROR, 1 WARNING
