* installing *source* package ‘thot’ ...
** using staged installation
** libs
rm -Rf thot.so ./rust/target/release/libthot.a entrypoint.o
gcc -I"/usr/share/R/include" -DNDEBUG      -fpic  -g -O2 -ffile-prefix-map=/build/r-base-LhKvHL/r-base-4.2.3=. -fstack-protector-strong -Wformat -Werror=format-security -Wdate-time -D_FORTIFY_SOURCE=2  -c entrypoint.c -o entrypoint.o
# In some environments, ~/.cargo/bin might not be included in PATH, so we need
# to set it here to ensure cargo can be invoked. It is appended to PATH and
# therefore is only used if cargo is absent from the user's PATH.
if [ "true" != "true" ]; then \
	export CARGO_HOME=/home/brian/Dropbox/Documents/www/thot/src/lang/r/thot.Rcheck/00_pkg_src/thot/src/.cargo; \
fi && \
	export PATH="/home/brian/Dropbox/Documents/www/thot/src/lang/r/thot.Rcheck/R_check_bin:/usr/lib/rstudio/resources/app/bin/quarto/bin/tools:/usr/bin:/home/brian/.cargo/bin:/home/brian/.local/bin:/usr/local/sbin:/usr/local/bin:/usr/sbin:/usr/bin:/sbin:/bin:/usr/games:/usr/local/games:/snap/bin:/snap/bin:/usr/lib/rstudio/resources/app/bin/quarto/bin:/usr/lib/rstudio/resources/app/bin/postback:/home/brian/.cargo/bin" && \
	cargo +nightly build --lib --release --manifest-path=./rust/Cargo.toml --target-dir ./rust/target
error: current package believes it's in a workspace when it's not:
current:   /home/brian/Dropbox/Documents/www/thot/src/lang/r/thot.Rcheck/00_pkg_src/thot/src/rust/Cargo.toml
workspace: /home/brian/Dropbox/Documents/www/thot/src/Cargo.toml

this may be fixable by adding `lang/r/thot.Rcheck/00_pkg_src/thot/src/rust` to the `workspace.members` array of the manifest located at: /home/brian/Dropbox/Documents/www/thot/src/Cargo.toml
Alternatively, to keep it out of the workspace, add the package to the `workspace.exclude` array, or add an empty `[workspace]` table to the package's manifest.
make: *** [Makevars:16: rust/target/release/libthot.a] Error 101
ERROR: compilation failed for package ‘thot’
* removing ‘/home/brian/Dropbox/Documents/www/thot/src/lang/r/thot.Rcheck/thot’
